[debug] [2025-06-29T12:13:04.969Z] ----------------------------------------------------------------------
[debug] [2025-06-29T12:13:04.975Z] Command:       /usr/local/bin/node /usr/local/bin/firebase deploy --only hosting --debug
[debug] [2025-06-29T12:13:04.975Z] CLI Version:   14.9.0
[debug] [2025-06-29T12:13:04.975Z] Platform:      darwin
[debug] [2025-06-29T12:13:04.975Z] Node Version:  v22.14.0
[debug] [2025-06-29T12:13:04.975Z] Time:          Sun Jun 29 2025 13:13:04 GMT+0100 (West Africa Standard Time)
[debug] [2025-06-29T12:13:04.976Z] ----------------------------------------------------------------------
[debug] 
[debug] [2025-06-29T12:13:05.066Z] > command requires scopes: ["email","openid","https://www.googleapis.com/auth/cloudplatformprojects.readonly","https://www.googleapis.com/auth/firebase","https://www.googleapis.com/auth/cloud-platform"]
[debug] [2025-06-29T12:13:05.067Z] > authorizing via signed-in user (oguntaderasaq30@gmail.com)
[debug] [2025-06-29T12:13:05.067Z] [iam] checking project groove-frontend for permissions ["firebase.projects.get","firebasehosting.sites.update"]
[debug] [2025-06-29T12:13:05.067Z] Checked if tokens are valid: true, expires at: 1751200846421
[debug] [2025-06-29T12:13:05.067Z] Checked if tokens are valid: true, expires at: 1751200846421
[debug] [2025-06-29T12:13:05.068Z] >>> [apiv2][query] POST https://cloudresourcemanager.googleapis.com/v1/projects/groove-frontend:testIamPermissions [none]
[debug] [2025-06-29T12:13:05.068Z] >>> [apiv2][(partial)header] POST https://cloudresourcemanager.googleapis.com/v1/projects/groove-frontend:testIamPermissions x-goog-quota-user=projects/groove-frontend
[debug] [2025-06-29T12:13:05.068Z] >>> [apiv2][body] POST https://cloudresourcemanager.googleapis.com/v1/projects/groove-frontend:testIamPermissions {"permissions":["firebase.projects.get","firebasehosting.sites.update"]}
[debug] [2025-06-29T12:13:06.202Z] <<< [apiv2][status] POST https://cloudresourcemanager.googleapis.com/v1/projects/groove-frontend:testIamPermissions 200
[debug] [2025-06-29T12:13:06.203Z] <<< [apiv2][body] POST https://cloudresourcemanager.googleapis.com/v1/projects/groove-frontend:testIamPermissions {"permissions":["firebase.projects.get","firebasehosting.sites.update"]}
[debug] [2025-06-29T12:13:06.204Z] Checked if tokens are valid: true, expires at: 1751200846421
[debug] [2025-06-29T12:13:06.204Z] Checked if tokens are valid: true, expires at: 1751200846421
[debug] [2025-06-29T12:13:06.204Z] >>> [apiv2][query] GET https://firebase.googleapis.com/v1beta1/projects/groove-frontend [none]
[debug] [2025-06-29T12:13:06.915Z] <<< [apiv2][status] GET https://firebase.googleapis.com/v1beta1/projects/groove-frontend 200
[debug] [2025-06-29T12:13:06.915Z] <<< [apiv2][body] GET https://firebase.googleapis.com/v1beta1/projects/groove-frontend {"projectId":"groove-frontend","projectNumber":"837469938248","displayName":"groove-frontend","name":"projects/groove-frontend","resources":{"hostingSite":"groove-frontend"},"state":"ACTIVE","etag":"1_308dd902-2406-4ca1-8dd4-f36cb3181748"}
[info] 
[info] === Deploying to 'groove-frontend'...
[info] 
[info] i  deploying hosting 
[debug] [2025-06-29T12:13:06.924Z] Checked if tokens are valid: true, expires at: 1751200846421
[debug] [2025-06-29T12:13:06.925Z] Checked if tokens are valid: true, expires at: 1751200846421
[debug] [2025-06-29T12:13:06.925Z] >>> [apiv2][query] POST https://firebasehosting.googleapis.com/v1beta1/projects/-/sites/groove-frontend/versions [none]
[debug] [2025-06-29T12:13:06.925Z] >>> [apiv2][body] POST https://firebasehosting.googleapis.com/v1beta1/projects/-/sites/groove-frontend/versions {"status":"CREATED","labels":{"deployment-tool":"cli-firebase"}}
[debug] [2025-06-29T12:13:08.901Z] <<< [apiv2][status] POST https://firebasehosting.googleapis.com/v1beta1/projects/-/sites/groove-frontend/versions 200
[debug] [2025-06-29T12:13:08.902Z] <<< [apiv2][body] POST https://firebasehosting.googleapis.com/v1beta1/projects/-/sites/groove-frontend/versions {"name":"projects/837469938248/sites/groove-frontend/versions/5d933652ded573c2","status":"CREATED","config":{},"labels":{"deployment-tool":"cli-firebase"}}
[info] i  hosting[groove-frontend]: beginning deploy... 
[info] i  hosting[groove-frontend]: found 31 files in dist 
[debug] [2025-06-29T12:13:08.920Z] [hosting] uploading with 200 concurrency
[debug] [2025-06-29T12:13:08.922Z] Checked if tokens are valid: true, expires at: 1751200846421
[debug] [2025-06-29T12:13:08.922Z] Checked if tokens are valid: true, expires at: 1751200846421
[debug] [2025-06-29T12:13:08.923Z] [hosting] hash cache [ZGlzdA] stored for 31 files
[debug] [2025-06-29T12:13:08.923Z] [hosting][hash queue][FINAL] {"max":1,"min":0,"avg":0,"active":0,"complete":31,"success":31,"errored":0,"retried":0,"total":31,"elapsed":2}
[debug] [2025-06-29T12:13:08.923Z] >>> [apiv2][query] POST https://firebasehosting.googleapis.com/v1beta1/projects/837469938248/sites/groove-frontend/versions/5d933652ded573c2:populateFiles [none]
[debug] [2025-06-29T12:13:08.923Z] >>> [apiv2][body] POST https://firebasehosting.googleapis.com/v1beta1/projects/837469938248/sites/groove-frontend/versions/5d933652ded573c2:populateFiles {"files":{"/vite.svg":"12b282beddfe94d624e7f1155761299a42ce1e3eac8053ebe3f38bd1fa04816c","/index.html":"a1a033dacb8ef26f452422528e7e66c0730037241c4a6e2430f646d754531daa","/assets/walletConnect.jpg":"22aee2c6f54dab374be4a2aaea86d6a93a42fa515388a10702d4ea3271fc8bac","/assets/trustWallet.jpg":"bc28cca2263003da76b33cd4dabe6ab2e41d77cd02cf2bbfecac9aa085ab8610","/assets/trustWallet-CpI64Q58.jpg":"bc28cca2263003da76b33cd4dabe6ab2e41d77cd02cf2bbfecac9aa085ab8610","/assets/testnet.svg":"124fc828e9cf5d650346dc1b8e41c4ef18dabed11115a37f71e9d0cb194462ad","/assets/safemoon.jpg":"e8582c02f266e64f9b18e7cbd1a58855c7dda9ad8ba2a4fc7061ea4d16a12ea8","/assets/safemoon-qe9MtkhU.jpg":"e8582c02f266e64f9b18e7cbd1a58855c7dda9ad8ba2a4fc7061ea4d16a12ea8","/assets/phantom.jpg":"5c18716bda453fd3ad112743ec5f9711f93dc09bcaf8b4a0b9dee2df7fd0ece7","/assets/okx.jpg":"d21849b21dd8805627cfb16c1b68a38cefd1a3b22483f49725b65a263a987984","/assets/metamask.jpg":"392077e68a16b979cfb351ad4f50a048943b930a9eba3aa5442b6e0a70c2ba1a","/assets/metamask-DfHu3i0G.jpg":"392077e68a16b979cfb351ad4f50a048943b930a9eba3aa5442b6e0a70c2ba1a","/assets/logo.jpg":"5f30252b0d90e9d53638457256da5513205a90ffe8c7db0385865846b8ea4e82","/assets/logo-XDa09BO2.jpg":"5f30252b0d90e9d53638457256da5513205a90ffe8c7db0385865846b8ea4e82","/assets/ledger.jpg":"5f1c5b2857607e4490c55e4e4811cac9a9b63ae7f1dfed25d57401b33cfa10be","/assets/ledger-C7WR9Ucb.jpg":"5f1c5b2857607e4490c55e4e4811cac9a9b63ae7f1dfed25d57401b33cfa10be","/assets/index-X9OcgJBb.js":"cb1a83e08b647cab277a02f46bf3abaf8222ad403ad0e69e11e2c4a0549a2170","/assets/index-CyZUxAZs.css":"724520929dd9921e9a2913ad4a36889fb51b4ecfe958e0e3443ad33137dcc777","/assets/coinbase.svg":"3948984dc0e981d889091d6da5ffbd1fc0dff96dbfbbb61882cde94cb4980d1e","/assets/coinbase.jpg":"3948984dc0e981d889091d6da5ffbd1fc0dff96dbfbbb61882cde94cb4980d1e","/assets/chart3.jpg":"78695434bc6e8c03ee23e4d0f3173a630a5d9a429931e84d56a70e77369de995","/assets/chart3-BD_FePyW.jpg":"78695434bc6e8c03ee23e4d0f3173a630a5d9a429931e84d56a70e77369de995","/assets/chart2.jpg":"b52e028e39a0c5418821e040adb172e986de88d2c368be54e5735a1b74e1a7b4","/assets/chart2-DtYvaVbM.jpg":"b52e028e39a0c5418821e040adb172e986de88d2c368be54e5735a1b74e1a7b4","/assets/bnbsc.svg":"124fc828e9cf5d650346dc1b8e41c4ef18dabed11115a37f71e9d0cb194462ad","/assets/Bitget.jpg":"d2bd4e130b98548e32c361ddf8f544d79752f525cdcefd2c7ce92b14a17e7058","/assets/Bitget-ZFKcZAlv.jpg":"d2bd4e130b98548e32c361ddf8f544d79752f525cdcefd2c7ce92b14a17e7058","/assets/5M.jpg":"c1eb858963fdf107e691ce4280be4c3b294271ba00a9b5aa6bb1534ae2d4ae87","/assets/1M.jpg":"5cbc3eda0486fa30a4322e86275e3679828f862f54d23087b671fd1a0ff22c68","/assets/1H.jpg":"03f1643ea7fe5ad9936fb6b1a8bb9178c9d5884eaded813a0258c5935eb7a5fe","/assets/1D.jpg":"83cdd80b3ffdc8052ce82f753b2c016b51759ed3e47d37c5ebf07f203ae90340"}}
[debug] [2025-06-29T12:13:09.532Z] <<< [apiv2][status] POST https://firebasehosting.googleapis.com/v1beta1/projects/837469938248/sites/groove-frontend/versions/5d933652ded573c2:populateFiles 200
[debug] [2025-06-29T12:13:09.532Z] <<< [apiv2][body] POST https://firebasehosting.googleapis.com/v1beta1/projects/837469938248/sites/groove-frontend/versions/5d933652ded573c2:populateFiles {"uploadUrl":"https://upload-firebasehosting.googleapis.com/upload/sites/groove-frontend/versions/5d933652ded573c2/files"}
[debug] [2025-06-29T12:13:09.533Z] [hosting][populate queue][FINAL] {"max":611,"min":611,"avg":611,"active":0,"complete":1,"success":1,"errored":0,"retried":0,"total":1,"elapsed":611}
[debug] [2025-06-29T12:13:09.533Z] [hosting] uploads queued: 0
[debug] [2025-06-29T12:13:09.533Z] [hosting][upload queue][FINAL] {"max":0,"min":9999999999,"avg":0,"active":0,"complete":0,"success":0,"errored":0,"retried":0,"total":0,"elapsed":1751199189533}
[info] i  hosting: upload complete 
[info] ✔  hosting[groove-frontend]: file upload complete 
[debug] [2025-06-29T12:13:09.534Z] [hosting] deploy completed after 629ms
[debug] [2025-06-29T12:13:09.534Z] [
  {
    "config": {
      "public": "dist",
      "ignore": [
        "firebase.json",
        "**/.*",
        "**/node_modules/**"
      ],
      "rewrites": [
        {
          "source": "**",
          "destination": "/index.html"
        }
      ],
      "site": "groove-frontend"
    },
    "version": "projects/837469938248/sites/groove-frontend/versions/5d933652ded573c2"
  }
]
[info] i  hosting[groove-frontend]: finalizing version... 
[debug] [2025-06-29T12:13:09.537Z] Checked if tokens are valid: true, expires at: 1751200846421
[debug] [2025-06-29T12:13:09.537Z] Checked if tokens are valid: true, expires at: 1751200846421
[debug] [2025-06-29T12:13:09.538Z] >>> [apiv2][query] PATCH https://firebasehosting.googleapis.com/v1beta1/projects/-/sites/groove-frontend/versions/5d933652ded573c2 updateMask=status%2Cconfig
[debug] [2025-06-29T12:13:09.538Z] >>> [apiv2][body] PATCH https://firebasehosting.googleapis.com/v1beta1/projects/-/sites/groove-frontend/versions/5d933652ded573c2 {"status":"FINALIZED","config":{"rewrites":[{"glob":"**","path":"/index.html"}]}}
[debug] [2025-06-29T12:13:10.379Z] <<< [apiv2][status] PATCH https://firebasehosting.googleapis.com/v1beta1/projects/-/sites/groove-frontend/versions/5d933652ded573c2 200
[debug] [2025-06-29T12:13:10.380Z] <<< [apiv2][body] PATCH https://firebasehosting.googleapis.com/v1beta1/projects/-/sites/groove-frontend/versions/5d933652ded573c2 {"name":"projects/837469938248/sites/groove-frontend/versions/5d933652ded573c2","status":"FINALIZED","config":{"rewrites":[{"glob":"**","path":"/index.html"}]},"labels":{"deployment-tool":"cli-firebase"},"createTime":"2025-06-29T12:13:08.573725Z","createUser":{"email":"oguntaderasaq30@gmail.com"},"finalizeTime":"2025-06-29T12:13:10.526883Z","finalizeUser":{"email":"oguntaderasaq30@gmail.com"}}
[debug] [2025-06-29T12:13:10.380Z] [hosting] finalized version for groove-frontend:[object Object]
[info] ✔  hosting[groove-frontend]: version finalized 
[info] i  hosting[groove-frontend]: releasing new version... 
[debug] [2025-06-29T12:13:10.381Z] Checked if tokens are valid: true, expires at: 1751200846421
[debug] [2025-06-29T12:13:10.381Z] Checked if tokens are valid: true, expires at: 1751200846421
[debug] [2025-06-29T12:13:10.381Z] >>> [apiv2][query] POST https://firebasehosting.googleapis.com/v1beta1/projects/-/sites/groove-frontend/channels/live/releases versionName=projects%2F837469938248%2Fsites%2Fgroove-frontend%2Fversions%2F5d933652ded573c2
[debug] [2025-06-29T12:13:10.381Z] >>> [apiv2][body] POST https://firebasehosting.googleapis.com/v1beta1/projects/-/sites/groove-frontend/channels/live/releases {}
[debug] [2025-06-29T12:13:11.274Z] <<< [apiv2][status] POST https://firebasehosting.googleapis.com/v1beta1/projects/-/sites/groove-frontend/channels/live/releases 200
[debug] [2025-06-29T12:13:11.274Z] <<< [apiv2][body] POST https://firebasehosting.googleapis.com/v1beta1/projects/-/sites/groove-frontend/channels/live/releases {"name":"projects/837469938248/sites/groove-frontend/channels/live/releases/1751199190673000","version":{"name":"projects/837469938248/sites/groove-frontend/versions/5d933652ded573c2","status":"FINALIZED","config":{"rewrites":[{"glob":"**","path":"/index.html"}]},"labels":{"deployment-tool":"cli-firebase"},"createTime":"2025-06-29T12:13:08.573725Z","createUser":{"email":"oguntaderasaq30@gmail.com","imageUrl":"https://lh3.googleusercontent.com/a/ACg8ocJDaZFEQvuufJmmX26gMGQQW_DjhPhrnYQRC8CNKWyd7XilqA=mo"},"finalizeTime":"2025-06-29T12:13:10.526883Z","finalizeUser":{"email":"oguntaderasaq30@gmail.com","imageUrl":"https://lh3.googleusercontent.com/a/ACg8ocJDaZFEQvuufJmmX26gMGQQW_DjhPhrnYQRC8CNKWyd7XilqA=mo"}},"type":"DEPLOY","releaseTime":"2025-06-29T12:13:10.673Z","releaseUser":{"email":"oguntaderasaq30@gmail.com","imageUrl":"https://lh3.googleusercontent.com/a/ACg8ocJDaZFEQvuufJmmX26gMGQQW_DjhPhrnYQRC8CNKWyd7XilqA=mo"}}
[debug] [2025-06-29T12:13:11.274Z] [hosting] release: {"name":"projects/837469938248/sites/groove-frontend/channels/live/releases/1751199190673000","version":{"name":"projects/837469938248/sites/groove-frontend/versions/5d933652ded573c2","status":"FINALIZED","config":{"rewrites":[{"glob":"**","path":"/index.html"}]},"labels":{"deployment-tool":"cli-firebase"},"createTime":"2025-06-29T12:13:08.573725Z","createUser":{"email":"oguntaderasaq30@gmail.com","imageUrl":"https://lh3.googleusercontent.com/a/ACg8ocJDaZFEQvuufJmmX26gMGQQW_DjhPhrnYQRC8CNKWyd7XilqA=mo"},"finalizeTime":"2025-06-29T12:13:10.526883Z","finalizeUser":{"email":"oguntaderasaq30@gmail.com","imageUrl":"https://lh3.googleusercontent.com/a/ACg8ocJDaZFEQvuufJmmX26gMGQQW_DjhPhrnYQRC8CNKWyd7XilqA=mo"}},"type":"DEPLOY","releaseTime":"2025-06-29T12:13:10.673Z","releaseUser":{"email":"oguntaderasaq30@gmail.com","imageUrl":"https://lh3.googleusercontent.com/a/ACg8ocJDaZFEQvuufJmmX26gMGQQW_DjhPhrnYQRC8CNKWyd7XilqA=mo"}}
[info] ✔  hosting[groove-frontend]: release complete 
[info] 
[info] ✔  Deploy complete! 
[info] 
[info] Project Console: https://console.firebase.google.com/project/groove-frontend/overview
[info] Hosting URL: https://groove-frontend.web.app
